<?xml version="1.0" encoding="UTF-8"?>
<!-- Generated by org.testng.reporters.JUnitReportReporter -->
<testsuite hostname="My-Laptop" name="test.TestFramework" tests="1" failures="0" timestamp="25 Mar 2019 07:34:15 GMT" time="15.201" errors="0">
  <testcase name="Submit" time="15.201" classname="test.TestFramework"/>
</testsuite> <!-- test.TestFramework -->
